{"numFailedTestSuites":0,"numFailedTests":0,"numPassedTestSuites":1,"numPassedTests":3,"numPendingTestSuites":0,"numPendingTests":0,"numRuntimeErrorTestSuites":0,"numTotalTestSuites":1,"numTotalTests":3,"openHandles":[],"snapshot":{"added":0,"didUpdate":false,"failure":false,"filesAdded":0,"filesRemoved":0,"filesUnmatched":0,"filesUpdated":0,"matched":0,"total":0,"unchecked":0,"uncheckedKeysByFile":[],"unmatched":0,"updated":0},"startTime":1556436615795,"success":true,"testResults":[{"console":null,"failureMessage":null,"numFailingTests":0,"numPassingTests":3,"numPendingTests":0,"perfStats":{"end":1556436621584,"start":1556436617715},"snapshot":{"added":0,"fileDeleted":false,"matched":0,"unchecked":0,"unmatched":0,"updated":0,"uncheckedKeys":[]},"testFilePath":"/Users/corinne/Desktop/elevation/react-intro-lesson-exercises/tests/spot-check-2/spot-check-2.test.js","testResults":[{"ancestorTitles":["spotcheck2"],"duration":41,"failureMessages":[],"fullName":"spotcheck2 Application should render without crashing","location":null,"numPassingAsserts":0,"status":"passed","title":"Application should render without crashing"},{"ancestorTitles":["spotcheck2"],"duration":76,"failureMessages":[],"fullName":"spotcheck2 You must render a single div inside #spotcheck-2 (either the div that is returned by the getMorningGreeting or getEveningGreeting","location":null,"numPassingAsserts":0,"status":"passed","title":"You must render a single div inside #spotcheck-2 (either the div that is returned by the getMorningGreeting or getEveningGreeting"},{"ancestorTitles":["spotcheck2"],"duration":23,"failureMessages":[],"fullName":"spotcheck2 Your render function should return an invocation of one of your methods using a conditional statement","location":null,"numPassingAsserts":0,"status":"passed","title":"Your render function should return an invocation of one of your methods using a conditional statement"}],"sourceMaps":{},"skipped":false,"leaks":false}],"wasInterrupted":false}