{"numFailedTestSuites":1,"numFailedTests":2,"numPassedTestSuites":0,"numPassedTests":0,"numPendingTestSuites":0,"numPendingTests":0,"numRuntimeErrorTestSuites":0,"numTotalTestSuites":1,"numTotalTests":2,"openHandles":[],"snapshot":{"added":0,"didUpdate":false,"failure":false,"filesAdded":0,"filesRemoved":0,"filesUnmatched":0,"filesUpdated":0,"matched":0,"total":0,"unchecked":0,"uncheckedKeysByFile":[],"unmatched":0,"updated":0},"startTime":1553782270515,"success":false,"testResults":[{"console":null,"failureMessage":"\u001b[1m\u001b[31m  \u001b[1m● \u001b[1mspotcheck2 › Application should render without crashing\u001b[39m\u001b[22m\n\n    Invariant Violation: App(...): Nothing was returned from render. This usually means a return statement is missing. Or, to render nothing, return null.\n\u001b[2m\u001b[22m\n\u001b[2m    \u001b[0m \u001b[90m 14 | \u001b[39m    it(\u001b[32m'Application should render without crashing'\u001b[39m\u001b[33m,\u001b[39m () \u001b[33m=>\u001b[39m {\u001b[0m\u001b[22m\n\u001b[2m    \u001b[0m \u001b[90m 15 | \u001b[39m        \u001b[36mconst\u001b[39m div \u001b[33m=\u001b[39m document\u001b[33m.\u001b[39mcreateElement(\u001b[32m'div'\u001b[39m)\u001b[33m;\u001b[39m\u001b[0m\u001b[22m\n\u001b[2m    \u001b[0m\u001b[31m\u001b[1m>\u001b[2m\u001b[39m\u001b[90m 16 | \u001b[39m        \u001b[33mReactDOM\u001b[39m\u001b[33m.\u001b[39mrender(\u001b[33m<\u001b[39m\u001b[33mApp\u001b[39m \u001b[33m/\u001b[39m\u001b[33m>\u001b[39m\u001b[33m,\u001b[39m div)\u001b[33m;\u001b[39m\u001b[0m\u001b[22m\n\u001b[2m    \u001b[0m \u001b[90m    | \u001b[39m                 \u001b[31m\u001b[1m^\u001b[2m\u001b[39m\u001b[0m\u001b[22m\n\u001b[2m    \u001b[0m \u001b[90m 17 | \u001b[39m        \u001b[33mReactDOM\u001b[39m\u001b[33m.\u001b[39munmountComponentAtNode(div)\u001b[33m;\u001b[39m\u001b[0m\u001b[22m\n\u001b[2m    \u001b[0m \u001b[90m 18 | \u001b[39m      })\u001b[33m;\u001b[39m\u001b[0m\u001b[22m\n\u001b[2m    \u001b[0m \u001b[90m 19 | \u001b[39m      \u001b[0m\u001b[22m\n\u001b[2m\u001b[22m\n\u001b[2m      \u001b[2mat invariant (\u001b[2m\u001b[0m\u001b[36mnode_modules/react-dom/cjs/react-dom.development.js\u001b[39m\u001b[0m\u001b[2m:55:15)\u001b[2m\u001b[22m\n\u001b[2m      \u001b[2mat reconcileChildFibers (\u001b[2m\u001b[0m\u001b[36mnode_modules/react-dom/cjs/react-dom.development.js\u001b[39m\u001b[0m\u001b[2m:12587:13)\u001b[2m\u001b[22m\n\u001b[2m      \u001b[2mat reconcileChildren (\u001b[2m\u001b[0m\u001b[36mnode_modules/react-dom/cjs/react-dom.development.js\u001b[39m\u001b[0m\u001b[2m:14198:28)\u001b[2m\u001b[22m\n\u001b[2m      \u001b[2mat finishClassComponent (\u001b[2m\u001b[0m\u001b[36mnode_modules/react-dom/cjs/react-dom.development.js\u001b[39m\u001b[0m\u001b[2m:14554:5)\u001b[2m\u001b[22m\n\u001b[2m      \u001b[2mat updateClassComponent (\u001b[2m\u001b[0m\u001b[36mnode_modules/react-dom/cjs/react-dom.development.js\u001b[39m\u001b[0m\u001b[2m:14492:24)\u001b[2m\u001b[22m\n\u001b[2m      \u001b[2mat beginWork (\u001b[2m\u001b[0m\u001b[36mnode_modules/react-dom/cjs/react-dom.development.js\u001b[39m\u001b[0m\u001b[2m:15440:16)\u001b[2m\u001b[22m\n\u001b[2m      \u001b[2mat performUnitOfWork (\u001b[2m\u001b[0m\u001b[36mnode_modules/react-dom/cjs/react-dom.development.js\u001b[39m\u001b[0m\u001b[2m:19108:12)\u001b[2m\u001b[22m\n\u001b[2m      \u001b[2mat workLoop (\u001b[2m\u001b[0m\u001b[36mnode_modules/react-dom/cjs/react-dom.development.js\u001b[39m\u001b[0m\u001b[2m:19148:24)\u001b[2m\u001b[22m\n\u001b[2m      \u001b[2mat renderRoot (\u001b[2m\u001b[0m\u001b[36mnode_modules/react-dom/cjs/react-dom.development.js\u001b[39m\u001b[0m\u001b[2m:19231:7)\u001b[2m\u001b[22m\n\u001b[2m      \u001b[2mat performWorkOnRoot (\u001b[2m\u001b[0m\u001b[36mnode_modules/react-dom/cjs/react-dom.development.js\u001b[39m\u001b[0m\u001b[2m:20138:7)\u001b[2m\u001b[22m\n\u001b[2m      \u001b[2mat performWork (\u001b[2m\u001b[0m\u001b[36mnode_modules/react-dom/cjs/react-dom.development.js\u001b[39m\u001b[0m\u001b[2m:20050:7)\u001b[2m\u001b[22m\n\u001b[2m      \u001b[2mat performSyncWork (\u001b[2m\u001b[0m\u001b[36mnode_modules/react-dom/cjs/react-dom.development.js\u001b[39m\u001b[0m\u001b[2m:20024:3)\u001b[2m\u001b[22m\n\u001b[2m      \u001b[2mat requestWork (\u001b[2m\u001b[0m\u001b[36mnode_modules/react-dom/cjs/react-dom.development.js\u001b[39m\u001b[0m\u001b[2m:19893:5)\u001b[2m\u001b[22m\n\u001b[2m      \u001b[2mat scheduleWork (\u001b[2m\u001b[0m\u001b[36mnode_modules/react-dom/cjs/react-dom.development.js\u001b[39m\u001b[0m\u001b[2m:19707:5)\u001b[2m\u001b[22m\n\u001b[2m      \u001b[2mat scheduleRootUpdate (\u001b[2m\u001b[0m\u001b[36mnode_modules/react-dom/cjs/react-dom.development.js\u001b[39m\u001b[0m\u001b[2m:20368:3)\u001b[2m\u001b[22m\n\u001b[2m      \u001b[2mat updateContainerAtExpirationTime (\u001b[2m\u001b[0m\u001b[36mnode_modules/react-dom/cjs/react-dom.development.js\u001b[39m\u001b[0m\u001b[2m:20396:10)\u001b[2m\u001b[22m\n\u001b[2m      \u001b[2mat updateContainer (\u001b[2m\u001b[0m\u001b[36mnode_modules/react-dom/cjs/react-dom.development.js\u001b[39m\u001b[0m\u001b[2m:20453:10)\u001b[2m\u001b[22m\n\u001b[2m      \u001b[2mat ReactRoot.Object.<anonymous>.ReactRoot.render (\u001b[2m\u001b[0m\u001b[36mnode_modules/react-dom/cjs/react-dom.development.js\u001b[39m\u001b[0m\u001b[2m:20749:3)\u001b[2m\u001b[22m\n\u001b[2m      \u001b[2mat \u001b[2m\u001b[0m\u001b[36mnode_modules/react-dom/cjs/react-dom.development.js\u001b[39m\u001b[0m\u001b[2m:20886:14\u001b[2m\u001b[22m\n\u001b[2m      \u001b[2mat unbatchedUpdates (\u001b[2m\u001b[0m\u001b[36mnode_modules/react-dom/cjs/react-dom.development.js\u001b[39m\u001b[0m\u001b[2m:20255:10)\u001b[2m\u001b[22m\n\u001b[2m      \u001b[2mat legacyRenderSubtreeIntoContainer (\u001b[2m\u001b[0m\u001b[36mnode_modules/react-dom/cjs/react-dom.development.js\u001b[39m\u001b[0m\u001b[2m:20882:5)\u001b[2m\u001b[22m\n\u001b[2m      \u001b[2mat Object.render (\u001b[2m\u001b[0m\u001b[36mnode_modules/react-dom/cjs/react-dom.development.js\u001b[39m\u001b[0m\u001b[2m:20951:12)\u001b[2m\u001b[22m\n\u001b[2m      \u001b[2mat Object.render (\u001b[2m\u001b[0m\u001b[36mtests/spot-checks/spot-check-2.test.js\u001b[39m\u001b[0m\u001b[2m:16:18)\u001b[2m\u001b[22m\n\n\u001b[1m\u001b[31m  \u001b[1m● \u001b[1mspotcheck2 › Your render function should return an invocation your method\u001b[39m\u001b[22m\n\n    Custom message:\n      You must define the getMorningGreeting method in your App component\n\n    \u001b[2mexpect(\u001b[22m\u001b[31mreceived\u001b[39m\u001b[2m).toBeDefined(\u001b[22m\u001b[2m)\u001b[22m\n\n    Received: \u001b[31mundefined\u001b[39m\n\u001b[2m\u001b[22m\n\u001b[2m    \u001b[0m \u001b[90m 19 | \u001b[39m      \u001b[0m\u001b[22m\n\u001b[2m    \u001b[0m \u001b[90m 20 | \u001b[39m      it(\u001b[32m\"Your render function should return an invocation your method\"\u001b[39m\u001b[33m,\u001b[39m () \u001b[33m=>\u001b[39m {\u001b[0m\u001b[22m\n\u001b[2m    \u001b[0m\u001b[31m\u001b[1m>\u001b[2m\u001b[39m\u001b[90m 21 | \u001b[39m        expect(\u001b[33mApp\u001b[39m\u001b[33m.\u001b[39mprototype\u001b[33m.\u001b[39mgetMorningGreeting\u001b[33m,\u001b[39m \u001b[32m'You must define the getMorningGreeting method in your App component'\u001b[39m)\u001b[33m.\u001b[39mtoBeDefined()\u001b[0m\u001b[22m\n\u001b[2m    \u001b[0m \u001b[90m    | \u001b[39m                                                                                                                        \u001b[31m\u001b[1m^\u001b[2m\u001b[39m\u001b[0m\u001b[22m\n\u001b[2m    \u001b[0m \u001b[90m 22 | \u001b[39m        expect(\u001b[33mApp\u001b[39m\u001b[33m.\u001b[39mprototype\u001b[33m.\u001b[39mgetEveningGreeting\u001b[33m,\u001b[39m \u001b[32m'You must define the getEvening method in your App component'\u001b[39m)\u001b[33m.\u001b[39mtoBeDefined()\u001b[0m\u001b[22m\n\u001b[2m    \u001b[0m \u001b[90m 23 | \u001b[39m        \u001b[33mApp\u001b[39m\u001b[33m.\u001b[39mprototype\u001b[33m.\u001b[39mgetEveningGreeting \u001b[33m=\u001b[39m \u001b[36mfunction\u001b[39m () {\u001b[0m\u001b[22m\n\u001b[2m    \u001b[0m \u001b[90m 24 | \u001b[39m            \u001b[36mreturn\u001b[39m \u001b[33m<\u001b[39m\u001b[33mdiv\u001b[39m\u001b[33m>\u001b[39mmock\u001b[33m<\u001b[39m\u001b[33m/\u001b[39m\u001b[33mdiv\u001b[39m\u001b[33m>\u001b[39m\u001b[0m\u001b[22m\n\u001b[2m\u001b[22m\n\u001b[2m      \u001b[2mat Object.toBeDefined (\u001b[2m\u001b[0m\u001b[36mtests/spot-checks/spot-check-2.test.js\u001b[39m\u001b[0m\u001b[2m:21:121)\u001b[2m\u001b[22m\n","numFailingTests":2,"numPassingTests":0,"numPendingTests":0,"perfStats":{"end":1553782275559,"start":1553782272652},"snapshot":{"added":0,"fileDeleted":false,"matched":0,"unchecked":0,"unmatched":0,"updated":0,"uncheckedKeys":[]},"testFilePath":"/Users/corinne/Desktop/elevation/react-intro/react-intro-lesson-exercises/tests/spot-checks/spot-check-2.test.js","testResults":[{"ancestorTitles":["spotcheck2"],"duration":39,"failureMessages":["Invariant Violation: App(...): Nothing was returned from render. This usually means a return statement is missing. Or, to render nothing, return null.\n    at invariant (/Users/corinne/Desktop/elevation/react-intro/react-intro-lesson-exercises/node_modules/react-dom/cjs/react-dom.development.js:55:15)\n    at reconcileChildFibers (/Users/corinne/Desktop/elevation/react-intro/react-intro-lesson-exercises/node_modules/react-dom/cjs/react-dom.development.js:12587:13)\n    at reconcileChildren (/Users/corinne/Desktop/elevation/react-intro/react-intro-lesson-exercises/node_modules/react-dom/cjs/react-dom.development.js:14198:28)\n    at finishClassComponent (/Users/corinne/Desktop/elevation/react-intro/react-intro-lesson-exercises/node_modules/react-dom/cjs/react-dom.development.js:14554:5)\n    at updateClassComponent (/Users/corinne/Desktop/elevation/react-intro/react-intro-lesson-exercises/node_modules/react-dom/cjs/react-dom.development.js:14492:24)\n    at beginWork (/Users/corinne/Desktop/elevation/react-intro/react-intro-lesson-exercises/node_modules/react-dom/cjs/react-dom.development.js:15440:16)\n    at performUnitOfWork (/Users/corinne/Desktop/elevation/react-intro/react-intro-lesson-exercises/node_modules/react-dom/cjs/react-dom.development.js:19108:12)\n    at workLoop (/Users/corinne/Desktop/elevation/react-intro/react-intro-lesson-exercises/node_modules/react-dom/cjs/react-dom.development.js:19148:24)\n    at renderRoot (/Users/corinne/Desktop/elevation/react-intro/react-intro-lesson-exercises/node_modules/react-dom/cjs/react-dom.development.js:19231:7)\n    at performWorkOnRoot (/Users/corinne/Desktop/elevation/react-intro/react-intro-lesson-exercises/node_modules/react-dom/cjs/react-dom.development.js:20138:7)\n    at performWork (/Users/corinne/Desktop/elevation/react-intro/react-intro-lesson-exercises/node_modules/react-dom/cjs/react-dom.development.js:20050:7)\n    at performSyncWork (/Users/corinne/Desktop/elevation/react-intro/react-intro-lesson-exercises/node_modules/react-dom/cjs/react-dom.development.js:20024:3)\n    at requestWork (/Users/corinne/Desktop/elevation/react-intro/react-intro-lesson-exercises/node_modules/react-dom/cjs/react-dom.development.js:19893:5)\n    at scheduleWork (/Users/corinne/Desktop/elevation/react-intro/react-intro-lesson-exercises/node_modules/react-dom/cjs/react-dom.development.js:19707:5)\n    at scheduleRootUpdate (/Users/corinne/Desktop/elevation/react-intro/react-intro-lesson-exercises/node_modules/react-dom/cjs/react-dom.development.js:20368:3)\n    at updateContainerAtExpirationTime (/Users/corinne/Desktop/elevation/react-intro/react-intro-lesson-exercises/node_modules/react-dom/cjs/react-dom.development.js:20396:10)\n    at updateContainer (/Users/corinne/Desktop/elevation/react-intro/react-intro-lesson-exercises/node_modules/react-dom/cjs/react-dom.development.js:20453:10)\n    at ReactRoot.Object.<anonymous>.ReactRoot.render (/Users/corinne/Desktop/elevation/react-intro/react-intro-lesson-exercises/node_modules/react-dom/cjs/react-dom.development.js:20749:3)\n    at /Users/corinne/Desktop/elevation/react-intro/react-intro-lesson-exercises/node_modules/react-dom/cjs/react-dom.development.js:20886:14\n    at unbatchedUpdates (/Users/corinne/Desktop/elevation/react-intro/react-intro-lesson-exercises/node_modules/react-dom/cjs/react-dom.development.js:20255:10)\n    at legacyRenderSubtreeIntoContainer (/Users/corinne/Desktop/elevation/react-intro/react-intro-lesson-exercises/node_modules/react-dom/cjs/react-dom.development.js:20882:5)\n    at Object.render (/Users/corinne/Desktop/elevation/react-intro/react-intro-lesson-exercises/node_modules/react-dom/cjs/react-dom.development.js:20951:12)\n    at Object.render (/Users/corinne/Desktop/elevation/react-intro/react-intro-lesson-exercises/tests/spot-checks/spot-check-2.test.js:16:18)\n    at Object.asyncJestTest (/Users/corinne/Desktop/elevation/react-intro/react-intro-lesson-exercises/node_modules/jest-jasmine2/build/jasmine_async.js:108:37)\n    at resolve (/Users/corinne/Desktop/elevation/react-intro/react-intro-lesson-exercises/node_modules/jest-jasmine2/build/queue_runner.js:56:12)\n    at new Promise (<anonymous>)\n    at mapper (/Users/corinne/Desktop/elevation/react-intro/react-intro-lesson-exercises/node_modules/jest-jasmine2/build/queue_runner.js:43:19)\n    at promise.then (/Users/corinne/Desktop/elevation/react-intro/react-intro-lesson-exercises/node_modules/jest-jasmine2/build/queue_runner.js:87:41)\n    at processTicksAndRejections (internal/process/next_tick.js:81:5)"],"fullName":"spotcheck2 Application should render without crashing","location":null,"numPassingAsserts":0,"status":"failed","title":"Application should render without crashing"},{"ancestorTitles":["spotcheck2"],"duration":5,"failureMessages":["Error: Custom message:\n  You must define the getMorningGreeting method in your App component\n\n\u001b[2mexpect(\u001b[22m\u001b[31mreceived\u001b[39m\u001b[2m).toBeDefined(\u001b[22m\u001b[2m)\u001b[22m\n\nReceived: \u001b[31mundefined\u001b[39m\n    at Object.toBeDefined (/Users/corinne/Desktop/elevation/react-intro/react-intro-lesson-exercises/tests/spot-checks/spot-check-2.test.js:21:121)\n    at Object.asyncJestTest (/Users/corinne/Desktop/elevation/react-intro/react-intro-lesson-exercises/node_modules/jest-jasmine2/build/jasmine_async.js:108:37)\n    at resolve (/Users/corinne/Desktop/elevation/react-intro/react-intro-lesson-exercises/node_modules/jest-jasmine2/build/queue_runner.js:56:12)\n    at new Promise (<anonymous>)\n    at mapper (/Users/corinne/Desktop/elevation/react-intro/react-intro-lesson-exercises/node_modules/jest-jasmine2/build/queue_runner.js:43:19)\n    at promise.then (/Users/corinne/Desktop/elevation/react-intro/react-intro-lesson-exercises/node_modules/jest-jasmine2/build/queue_runner.js:87:41)\n    at processTicksAndRejections (internal/process/next_tick.js:81:5)"],"fullName":"spotcheck2 Your render function should return an invocation your method","location":null,"numPassingAsserts":0,"status":"failed","title":"Your render function should return an invocation your method"}],"sourceMaps":{},"skipped":false,"leaks":false}],"wasInterrupted":false}